"../../../Engine/Content/EngineMaterials/T_Default_Material_Grid_N.uasset" 0
"../../../Engine/Content/EngineMaterials/T_Default_Material_Grid_M.uasset" 1
"../../../Engine/Content/Functions/Engine_MaterialFunctions01/Opacity/CameraDepthFade.uasset" 2
"../../../Engine/Content/EngineMaterials/WorldGridMaterial.uasset" 3
"../../../Engine/Content/ArtTools/RenderToTexture/Meshes/S_1_Unit_Plane.uasset" 4
"../../../Engine/Content/EngineMaterials/DefaultMaterial.uasset" 5
"../../../Engine/Content/BasicShapes/Cone.uasset" 6
"../../../Engine/Content/BasicShapes/Cube.uasset" 7
"../../../Engine/Content/BasicShapes/Plane.uasset" 8
"../../../Engine/Content/BasicShapes/Sphere.uasset" 9
"../../../Engine/Content/EditorLandscapeResources/DataLayer.uasset" 10
"../../../Engine/Content/EditorLandscapeResources/DefaultAlphaTexture.uasset" 11
"../../../Engine/Content/EditorMaterials/MAT_Groups_Toggle.uasset" 12
"../../../Engine/Content/EditorMaterials/MAT_Groups_Visibility.uasset" 13
"../../../Engine/Content/EditorMaterials/PreviewShadowIndicator.uasset" 14
"../../../Engine/Content/EditorMaterials/PreviewShadowIndicatorMaterial.uasset" 15
"../../../Engine/Content/EditorMaterials/MatineeGroups/MAT_ColorTrack.uasset" 16
"../../../Engine/Content/EditorMaterials/MatineeGroups/MAT_Groups_Anim.uasset" 17
"../../../Engine/Content/EditorMaterials/MatineeGroups/MAT_Groups_AudioMaster.uasset" 18
"../../../Engine/Content/EditorMaterials/MatineeGroups/MAT_Groups_Director.uasset" 19
"../../../Engine/Content/EditorMaterials/MatineeGroups/MAT_Groups_Event.uasset" 20
"../../../Engine/Content/EditorMaterials/MatineeGroups/MAT_Groups_Fade.uasset" 21
"../../../Engine/Content/EditorMaterials/MatineeGroups/MAT_Groups_Float.uasset" 22
"../../../Engine/Content/EditorMaterials/MatineeGroups/MAT_Groups_Move.uasset" 23
"../../../Engine/Content/EditorMaterials/MatineeGroups/MAT_Groups_Slomo.uasset" 24
"../../../Engine/Content/EditorMaterials/MatineeGroups/MAT_Groups_Sound.uasset" 25
"../../../Engine/Content/EditorMaterials/MatineeGroups/MAT_Groups_Vector.uasset" 26
"../../../Engine/Content/EditorMaterials/ParticleSystems/PSysThumbnail_NoImage.uasset" 27
"../../../Engine/Content/EditorMaterials/ParticleSystems/PSysThumbnail_OOD.uasset" 28
"../../../Engine/Content/EditorMaterials/Camera/CineMat.uasset" 29
"../../../Engine/Content/EditorMaterials/Camera/MI_CineMat_Rig.uasset" 30
"../../../Engine/Content/EditorMeshes/Camera/SM_CraneRig_Arm.uasset" 31
"../../../Engine/Content/EditorMeshes/Camera/SM_CraneRig_Base.uasset" 32
"../../../Engine/Content/EditorMeshes/Camera/SM_CraneRig_Body.uasset" 33
"../../../Engine/Content/EditorMeshes/Camera/SM_CraneRig_Mount.uasset" 34
"../../../Engine/Content/EditorMeshes/Camera/SM_RailRig_Mount.uasset" 35
"../../../Engine/Content/EditorMeshes/Camera/SM_RailRig_Track.uasset" 36
"../../../Engine/Content/EditorResources/BSPVertex.uasset" 37
"../../../Engine/Content/EditorResources/EmptyActor.uasset" 38
"../../../Engine/Content/EditorResources/S_Actor.uasset" 39
"../../../Engine/Content/EditorResources/S_Note.uasset" 40
"../../../Engine/Content/EditorResources/S_Solver.uasset" 41
"../../../Engine/Content/EditorResources/S_Terrain.uasset" 42
"../../../Engine/Content/EditorResources/S_Trigger.uasset" 43
"../../../Engine/Content/EditorResources/LightIcons/S_LightError.uasset" 44
"../../../Engine/Content/EditorResources/SequenceRecorder/Countdown.uasset" 45
"../../../Engine/Content/EditorResources/SequenceRecorder/RecordingIndicator.uasset" 46
"../../../Engine/Content/EngineDamageTypes/DmgTypeBP_Environmental.uasset" 47
"../../../Engine/Content/EngineDebugMaterials/DebugEditorMaterial.uasset" 48
"../../../Engine/Content/EngineDebugMaterials/DebugMeshMaterial.uasset" 49
"../../../Engine/Content/EngineDebugMaterials/M_SimpleUnlitTranslucent.uasset" 50
"../../../Engine/Content/EngineDebugMaterials/VolumeToRender.uasset" 51
"../../../Engine/Content/Functions/Engine_MaterialFunctions02/Utility/CameraDirectionVector.uasset" 52
"../../../Engine/Content/EngineDebugMaterials/M_VolumeRenderSphereTracePP.uasset" 53
"../../../Engine/Content/Functions/Engine_MaterialFunctions01/Shading/ConvertFromDiffSpec.uasset" 54
"../../../Engine/Content/EngineDebugMaterials/VertexColorMaterial.uasset" 55
"../../../Engine/Content/EngineDebugMaterials/WireframeMaterial.uasset" 56
"../../../Engine/Content/EngineFonts/Faces/RobotoRegular.uasset" 57
"../../../Engine/Content/EngineFonts/Faces/RobotoLight.uasset" 58
"../../../Engine/Content/EngineFonts/Faces/RobotoItalic.uasset" 59
"../../../Engine/Content/EngineFonts/Faces/RobotoBoldItalic.uasset" 60
"../../../Engine/Content/EngineFonts/Faces/RobotoBold.uasset" 61
"../../../Engine/Content/EngineFonts/Faces/DroidSansFallback.uasset" 62
"../../../Engine/Content/EngineFonts/Roboto.uasset" 63
"../../../Engine/Content/EngineMaterials/BaseFlattenNormalMap.uasset" 64
"../../../Engine/Content/EngineMaterials/BaseFlattenGrayscaleMap.uasset" 65
"../../../Engine/Content/EngineMaterials/BaseFlattenEmissiveMap.uasset" 66
"../../../Engine/Content/EngineMaterials/BaseFlattenDiffuseMap.uasset" 67
"../../../Engine/Content/EngineMaterials/BaseFlattenMaterial.uasset" 68
"../../../Engine/Content/EngineMaterials/BlueNoise.uasset" 69
"../../../Engine/Content/EngineMaterials/DefaultBloomKernel.uasset" 70
"../../../Engine/Content/EngineMaterials/DefaultBokeh.uasset" 71
"../../../Engine/Content/EngineMaterials/DefaultDiffuse.uasset" 72
"../../../Engine/Content/EngineMaterials/DefaultDeferredDecalMaterial.uasset" 73
"../../../Engine/Content/EngineMaterials/DefaultLightFunctionMaterial.uasset" 74
"../../../Engine/Content/EngineMaterials/DefaultPhysicalMaterial.uasset" 75
"../../../Engine/Content/Functions/Engine_MaterialFunctions02/Utility/BreakOutFloat2Components.uasset" 76
"../../../Engine/Content/EngineMaterials/DefaultPostProcessMaterial.uasset" 77
"../../../Engine/Content/EngineFonts/RobotoDistanceField.uasset" 78
"../../../Engine/Content/EngineMaterials/DefaultTextMaterialOpaque.uasset" 79
"../../../Engine/Content/EngineMaterials/DefaultWhiteGrid.uasset" 80
"../../../Engine/Content/EngineMaterials/DefaultWhiteGrid_Low.uasset" 81
"../../../Engine/Content/EngineMaterials/EmissiveMeshMaterial.uasset" 82
"../../../Engine/Content/EngineMaterials/GizmoMaterial.uasset" 83
"../../../Engine/Content/EngineMaterials/Good64x64TilingNoiseHighFreq.uasset" 84
"../../../Engine/Content/EngineMaterials/MiniFont.uasset" 85
"../../../Engine/Content/EngineMaterials/InvalidLightmapSettings.uasset" 86
"../../../Engine/Content/EngineMaterials/M_InvalidLightmapSettings.uasset" 87
"../../../Engine/Content/Functions/Engine_MaterialFunctions02/WorldPositionOffset/CameraOffset.uasset" 88
"../../../Engine/Content/EngineMaterials/PhAT_JointLimitMaterial.uasset" 89
"../../../Engine/Content/EngineMaterials/PreintegratedSkinBRDF.uasset" 90
"../../../Engine/Content/EngineMaterials/RemoveSurfaceMaterial.uasset" 91
"../../../Engine/Content/EngineMaterials/WeightMapPlaceholderTexture.uasset" 92
"../../../Engine/Content/EngineResources/WhiteSquareTexture.uasset" 93
"../../../Engine/Content/EngineMaterials/Widget3DPassThrough.uasset" 94
"../../../Engine/Content/EngineMaterials/Widget3DPassThrough_Masked.uasset" 95
"../../../Engine/Content/EngineMaterials/Widget3DPassThrough_Opaque.uasset" 96
"../../../Engine/Content/EngineMaterials/Widget3DPassThrough_Masked_OneSided.uasset" 97
"../../../Engine/Content/EngineMaterials/Widget3DPassThrough_Opaque_OneSided.uasset" 98
"../../../Engine/Content/EngineMaterials/Widget3DPassThrough_Translucent.uasset" 99
"../../../Engine/Content/EngineMaterials/Widget3DPassThrough_Translucent_OneSided.uasset" 100
"../../../Engine/Content/EngineMeshes/Cylinder.uasset" 101
"../../../Engine/Content/EngineMeshes/Sphere.uasset" 102
"../../../Engine/Content/EngineResources/Black.uasset" 103
"../../../Engine/Content/EngineResources/DefaultTextureCube.uasset" 104
"../../../Engine/Content/EngineResources/DefaultVolumeTexture2D.uasset" 105
"../../../Engine/Content/EngineResources/DefaultVolumeTexture.uasset" 106
"../../../Engine/Content/EngineResources/GradientTexture0.uasset" 107
"../../../Engine/Content/EngineSky/VolumetricClouds/T_NoiseShape64.uasset" 108
"../../../Engine/Content/EngineSky/VolumetricClouds/T_VolumeNoiseShape64.uasset" 109
"../../../Engine/Content/EngineSky/VolumetricClouds/T_NoiseErosion.uasset" 110
"../../../Engine/Content/EngineSky/VolumetricClouds/T_VolumeNoiseErosion32.uasset" 111
"../../../Engine/Content/EngineSky/VolumetricClouds/CloudWeatherTexture.uasset" 112
"../../../Engine/Content/EngineSky/VolumetricClouds/CloudGradientTexture.uasset" 113
"../../../Engine/Content/Functions/Engine_MaterialFunctions02/Utility/MakeFloat2.uasset" 114
"../../../Engine/Content/EngineSky/VolumetricClouds/m_SimpleVolumetricCloud.uasset" 115
"../../../Engine/Content/EngineSky/VolumetricClouds/m_SimpleVolumetricCloud_Inst.uasset" 116
"../../../Engine/Content/EngineSounds/Master.uasset" 117
"../../../Engine/Content/Functions/Engine_MaterialFunctions01/Shading/PowerToRoughness.uasset" 118
"../../../Engine/Content/Maps/Templates/Thumbnails/Default.uasset" 119
"../../../Engine/Content/Maps/Templates/Thumbnails/TimeOfDay.uasset" 120
"../../../Engine/Content/Maps/Templates/Thumbnails/VR-Basic.uasset" 121
"../../../Engine/Content/MobileResources/T_MobileControls_texture.uasset" 122
"../../../Engine/Content/MobileResources/T_MobileMenu2.uasset" 123
"../../../Engine/Content/MobileResources/HUD/AnalogHat.uasset" 124
"../../../Engine/Content/MobileResources/HUD/VirtualJoystick_Thumb.uasset" 125
"../../../Engine/Content/MobileResources/HUD/VirtualJoystick_Background.uasset" 126
"../../../Engine/Content/MobileResources/HUD/DefaultVirtualJoysticks.uasset" 127
"../../../Engine/Content/MobileResources/HUD/LeftVirtualJoystickOnly.uasset" 128
"../../../Engine/Content/MobileResources/HUD/MobileHUDButton1_off.uasset" 129
"../../../Engine/Content/MobileResources/HUD/MobileHUDButton1_on.uasset" 130
"../../../Engine/Content/MobileResources/HUD/MobileHUDButton2_off.uasset" 131
"../../../Engine/Content/MobileResources/HUD/MobileHUDButton2_on.uasset" 132
"../../../Engine/Content/MobileResources/HUD/MobileHUDButton3.uasset" 133
"../../../Engine/Content/MobileResources/HUD/MobileHUDButtonFire.uasset" 134
"../../../Engine/Content/MobileResources/HUD/MobileHUDDirectionPad.uasset" 135
"../../../Engine/Content/MobileResources/HUD/MobileHUDDirectionPad2.uasset" 136
"../../../Engine/Content/MobileResources/HUD/MobileHUDDirectionPad3.uasset" 137
"../../../Engine/Content/MobileResources/HUD/MobileHUDDirectionStick.uasset" 138
"../../../Engine/Content/MobileResources/HUD/T_Castle_ThumbstickInner.uasset" 139
"../../../Engine/Content/MobileResources/HUD/T_Castle_ThumbstickOutter.uasset" 140
"../../../Engine/Content/Tutorial/ContentIntroCurve.uasset" 141
"../../../Engine/Content/Tutorial/Basics/LevelEditorAttract.uasset" 142
"../../../Engine/Content/Tutorial/Basics/TutorialAssets/icon_tab_Levels_40x.uasset" 143
"../../../Engine/Content/Tutorial/Basics/LevelEditorOverview.uasset" 144
"../../../Engine/Content/Tutorial/Landscape/TutorialAssets/Landscape.uasset" 145
"../../../Engine/Content/Tutorial/Landscape/LandscapeWalkThrough.uasset" 146
"../../../Engine/Content/Tutorial/Landscape/Landscape_Manage_Mode.uasset" 147
"../../../Engine/Content/EditorBlueprintResources/StandardMacros.uasset" 148
"../../../Engine/Content/Tutorial/Landscape/Landscape_Painting_Mode.uasset" 149
"../../../Engine/Content/Tutorial/Landscape/Landscape_Sculpt_Mode.uasset" 150
"../../../Engine/Content/VREditor/TransformGizmo/TranslucentTransformGizmoMaterial.uasset" 151
"../../../Engine/Content/VREditor/LaserPointer/VR_LaserPower_01.uasset" 152
"../../../Engine/Content/VREditor/TransformGizmo/TransformGizmoMaterial.uasset" 153
"../../../Engine/Content/VREditor/TransformGizmo/BoundingBoxCorner.uasset" 154
"../../../Engine/Content/VREditor/TransformGizmo/BoundingBoxEdge.uasset" 155
"../../../Engine/Content/VREditor/TransformGizmo/PlaneTranslationHandle.uasset" 156
"../../../Engine/Content/VREditor/TransformGizmo/Xray.uasset" 157
"../../../Engine/Content/VREditor/TransformGizmo/Main.uasset" 158
"../../../Engine/Content/VREditor/TransformGizmo/SM_Sequencer_Key.uasset" 159
"../../../Engine/Content/VREditor/TransformGizmo/SM_Sequencer_Node.uasset" 160
"../../Plugins/2D/Paper2D/Content/PlaceholderTextures/DummySpriteTexture.uasset" 161
"../../Plugins/2D/Paper2D/Content/DummySprite.uasset" 162
"../../Plugins/2D/Paper2D/Content/DefaultPaperTerrainMaterial.uasset" 163
"../../Plugins/2D/Paper2D/Content/DefaultSpriteMaterial.uasset" 164
"../../Plugins/2D/Paper2D/Content/MaskedUnlitSpriteMaterial.uasset" 165
"../../Plugins/2D/Paper2D/Content/OpaqueUnlitSpriteMaterial.uasset" 166
"../../../Engine/Content/Functions/Engine_MaterialFunctions02/Utility/BreakOutFloat3Components.uasset" 167
"../../Plugins/Editor/SpeedTreeImporter/Content/SpeedTree9/UnpackInteger3.uasset" 168
"../../Plugins/Editor/SpeedTreeImporter/Content/SpeedTree9/UnpackDirection.uasset" 169
"../../Plugins/Editor/SpeedTreeImporter/Content/SpeedTree9/game_wind_noise.uasset" 170
"../../../Engine/Content/Functions/Engine_MaterialFunctions02/SafeNormalize.uasset" 171
"../../Plugins/Editor/SpeedTreeImporter/Content/SpeedTree9/SpeedTreeWindMotion.uasset" 172
"../../Plugins/Editor/SpeedTreeImporter/Content/SpeedTree9/SpeedTreeBranchMotion.uasset" 173
"../../../Engine/Content/Functions/Engine_MaterialFunctions02/ObjectLocalBounds.uasset" 174
"../../../Engine/Content/Functions/Engine_MaterialFunctions02/UVs/BoundingBoxBased_0-1_UVW.uasset" 175
"../../Plugins/Editor/SpeedTreeImporter/Content/SpeedTree9/SpeedTreeWind.uasset" 176
"../../Plugins/Editor/SpeedTreeImporter/Content/SpeedTree9/SpeedTreeBillboard.uasset" 177
"../../../Engine/Content/EngineResources/DefaultTexture.uasset" 178
"../../Plugins/Editor/SpeedTreeImporter/Content/SpeedTree9/SpeedTreeBillboardMaster.uasset" 179
"../../Plugins/Editor/SpeedTreeImporter/Content/SpeedTree9/SpeedTreeCameraFacing.uasset" 180
"../../Plugins/Editor/SpeedTreeImporter/Content/SpeedTree9/SpeedTreeMaster.uasset" 181
"../../../Engine/Content/BasicShapes/Cylinder.uasset" 182
"../../../Engine/Content/ArtTools/RenderToTexture/Materials/Debug/M_Emissive_Color.uasset" 183
"../../Plugins/Lumin/MagicLeapPassableWorld/Content/MagicLeapARPinInfoActor.uasset" 184
"../../../Engine/Content/Functions/Engine_MaterialFunctions02/Utility/BreakOutFloat4Components.uasset" 185
"../../../Engine/Content/Functions/Engine_MaterialFunctions02/Utility/MakeFloat3.uasset" 186
"../../Plugins/Runtime/Oculus/OculusVR/Content/Materials/OculusMR_ChromaKey.uasset" 187
"../../Plugins/Runtime/Oculus/OculusVR/Content/Materials/OculusMR_OpaqueColoredMaterial.uasset" 188
"../../Plugins/Runtime/Oculus/OculusVR/Content/Materials/PokeAHoleMaterial.uasset" 189
"../../../Engine/Content/MapTemplates/SM_Template_Map_Floor.uasset" 190
"../../../Engine/Content/EngineSky/T_Sky_Stars.uasset" 191
"../../../Engine/Content/EngineSky/T_Sky_Clouds_M.uasset" 192
"../../../Engine/Content/EngineSky/T_Sky_Blue.uasset" 193
"../../../Engine/Content/EngineSky/M_Sky_Panning_Clouds2.uasset" 194
"../../../../../_UE/MPShooter/Content/Maps/Lobby_BuiltData.uasset" 195
"../../../../../_UE/MPShooter/Content/Blueprints/BP_PlayerController.uasset" 196
"../../../../../_UE/MPShooter/Content/AnimStarterPack/UE4_Mannequin/Mesh/UE4_Mannequin_Skeleton.uasset" 197
"../../../Engine/Content/Functions/Engine_MaterialFunctions02/Utility/BlendAngleCorrectedNormals.uasset" 198
"../../../Engine/Content/Functions/MaterialLayerFunctions/MatLayerBlend_AO.uasset" 199
"../../../Engine/Content/Functions/MaterialLayerFunctions/MatLayerBlend_NormalBlend.uasset" 200
"../../../Engine/Content/Functions/MaterialLayerFunctions/MatLayerBlend_Simple.uasset" 201
"../../../../../_UE/MPShooter/Content/AnimStarterPack/UE4_Mannequin/Materials/MaterialLayers/T_ML_Rubber_Blue_01_D.uasset" 202
"../../../../../_UE/MPShooter/Content/AnimStarterPack/UE4_Mannequin/Materials/MaterialLayers/T_ML_Rubber_Blue_01_N.uasset" 203
"../../../../../_UE/MPShooter/Content/AnimStarterPack/UE4_Mannequin/Materials/MaterialLayers/ML_GlossyBlack_Latex_UE4.uasset" 204
"../../../../../_UE/MPShooter/Content/AnimStarterPack/UE4_Mannequin/Materials/MaterialLayers/ML_Plastic_Shiny_Beige.uasset" 205
"../../../../../_UE/MPShooter/Content/AnimStarterPack/UE4_Mannequin/Textures/UE4_LOGO_CARD.uasset" 206
"../../../../../_UE/MPShooter/Content/AnimStarterPack/UE4_Mannequin/Materials/MaterialLayers/ML_Plastic_Shiny_Beige_LOGO.uasset" 207
"../../../../../_UE/MPShooter/Content/AnimStarterPack/UE4_Mannequin/Materials/MaterialLayers/T_ML_Aluminum01.uasset" 208
"../../../../../_UE/MPShooter/Content/AnimStarterPack/UE4_Mannequin/Materials/MaterialLayers/T_ML_Aluminum01_N.uasset" 209
"../../../../../_UE/MPShooter/Content/AnimStarterPack/UE4_Mannequin/Materials/MaterialLayers/ML_SoftMetal_UE4.uasset" 210
"../../../../../_UE/MPShooter/Content/AnimStarterPack/UE4_Mannequin/Textures/UE4_Mannequin__normals.uasset" 211
"../../../../../_UE/MPShooter/Content/AnimStarterPack/UE4_Mannequin/Textures/UE4_Mannequin_MAT_MASKA.uasset" 212
"../../../../../_UE/MPShooter/Content/AnimStarterPack/UE4_Mannequin/Textures/UE4_Mannequin_occlusion_Mobile.uasset" 213
"../../../../../_UE/MPShooter/Content/AnimStarterPack/UE4_Mannequin/Materials/M_UE4Man_Body.uasset" 214
"../../../../../_UE/MPShooter/Content/AnimStarterPack/UE4_Mannequin/Textures/UE4Man_Logo_N.uasset" 215
"../../../../../_UE/MPShooter/Content/AnimStarterPack/UE4_Mannequin/Materials/M_UE4Man_ChestLogo.uasset" 216
"../../../../../_UE/MPShooter/Content/AnimStarterPack/UE4_Mannequin/Mesh/SK_Mannequin_PhysicsAsset.uasset" 217
"../../../../../_UE/MPShooter/Content/AnimStarterPack/UE4_Mannequin/Mesh/SK_Mannequin.uasset" 218
"../../../Engine/Content/Animation/DefaultAnimBoneCompressionSettings.uasset" 219
"../../../Engine/Content/Animation/DefaultAnimCurveCompressionSettings.uasset" 220
"../../../../../_UE/MPShooter/Content/AnimStarterPack/AimOffsets/Zero_pose.uasset" 221
"../../../../../_UE/MPShooter/Content/AnimStarterPack/AimOffsets/AO_CC.uasset" 222
"../../../../../_UE/MPShooter/Content/AnimStarterPack/AimOffsets/AO_CD.uasset" 223
"../../../../../_UE/MPShooter/Content/AnimStarterPack/AimOffsets/AO_CU.uasset" 224
"../../../../../_UE/MPShooter/Content/AnimStarterPack/AimOffsets/AO_LC.uasset" 225
"../../../../../_UE/MPShooter/Content/AnimStarterPack/AimOffsets/AO_LD.uasset" 226
"../../../../../_UE/MPShooter/Content/AnimStarterPack/AimOffsets/AO_LU.uasset" 227
"../../../../../_UE/MPShooter/Content/AnimStarterPack/AimOffsets/AO_RC.uasset" 228
"../../../../../_UE/MPShooter/Content/AnimStarterPack/AimOffsets/AO_RD.uasset" 229
"../../../../../_UE/MPShooter/Content/AnimStarterPack/AimOffsets/AO_RU.uasset" 230
"../../../../../_UE/MPShooter/Content/AnimStarterPack/AimOffsets/AimOffset.uasset" 231
"../../../../../_UE/MPShooter/Content/AnimStarterPack/Idle_Rifle_Hip.uasset" 232
"../../../../../_UE/MPShooter/Content/AnimStarterPack/Jog_Rt_Rifle.uasset" 233
"../../../../../_UE/MPShooter/Content/AnimStarterPack/Jog_Lt_Rifle.uasset" 234
"../../../../../_UE/MPShooter/Content/AnimStarterPack/Jog_Fwd_Rifle.uasset" 235
"../../../../../_UE/MPShooter/Content/AnimStarterPack/Jog_Bwd_Rifle.uasset" 236
"../../../../../_UE/MPShooter/Content/AnimStarterPack/Jog_FR.uasset" 237
"../../../../../_UE/MPShooter/Content/AnimStarterPack/Jog_BR.uasset" 238
"../../../../../_UE/MPShooter/Content/AnimStarterPack/Jog_FL.uasset" 239
"../../../../../_UE/MPShooter/Content/AnimStarterPack/Jog_BS.uasset" 240
"../../../../../_UE/MPShooter/Content/Blueprints/Character/BP_AnimInst.uasset" 241
"../../../../../_UE/MPShooter/Content/MilitaryWeapSilver/Weapons/Assault_Rifle_A_Skeleton.uasset" 242
"../../../../../_UE/MPShooter/Content/MilitaryWeapSilver/Weapons/Assault_Rifle_A_PhysicsAsset.uasset" 243
"../../../../../_UE/MPShooter/Content/MilitaryWeapSilver/Weapons/Textures/Assault_Rifle_A_Norm.uasset" 244
"../../../../../_UE/MPShooter/Content/MilitaryWeapSilver/Weapons/Textures/Assault_Rifle_A_masks.uasset" 245
"../../../../../_UE/MPShooter/Content/MilitaryWeapSilver/Weapons/Textures/Assault_Rifle_A_Diff.uasset" 246
"../../../../../_UE/MPShooter/Content/MilitaryWeapSilver/Weapons/Materials/M_WeaponMaster_01.uasset" 247
"../../../../../_UE/MPShooter/Content/MilitaryWeapSilver/Weapons/Materials/M_AssaultRifle_01.uasset" 248
"../../../../../_UE/MPShooter/Content/MilitaryWeapSilver/Weapons/Assault_Rifle_A.uasset" 249
"../../../../../_UE/MPShooter/Content/MilitaryWeapSilver/Sound/Rifle/Wavs/RifleA_Fire_ST06.uasset" 250
"../../../../../_UE/MPShooter/Content/MilitaryWeapSilver/Sound/Rifle/Wavs/RifleA_Fire_ST05.uasset" 251
"../../../../../_UE/MPShooter/Content/MilitaryWeapSilver/Sound/Rifle/Wavs/RifleA_Fire_ST04.uasset" 252
"../../../../../_UE/MPShooter/Content/MilitaryWeapSilver/Sound/Rifle/Wavs/RifleA_Fire_ST03.uasset" 253
"../../../../../_UE/MPShooter/Content/MilitaryWeapSilver/Sound/Rifle/Wavs/RifleA_Fire_ST02.uasset" 254
"../../../../../_UE/MPShooter/Content/MilitaryWeapSilver/Sound/Rifle/Wavs/RifleA_Fire_ST01.uasset" 255
"../../../../../_UE/MPShooter/Content/MilitaryWeapSilver/Sound/Rifle/Wavs/RifleA_Fire06.uasset" 256
"../../../../../_UE/MPShooter/Content/MilitaryWeapSilver/Sound/Rifle/Wavs/RifleA_Fire05.uasset" 257
"../../../../../_UE/MPShooter/Content/MilitaryWeapSilver/Sound/Rifle/Wavs/RifleA_Fire04.uasset" 258
"../../../../../_UE/MPShooter/Content/MilitaryWeapSilver/Sound/Rifle/Wavs/RifleA_Fire03.uasset" 259
"../../../../../_UE/MPShooter/Content/MilitaryWeapSilver/Sound/Rifle/Wavs/RifleA_Fire02.uasset" 260
"../../../../../_UE/MPShooter/Content/MilitaryWeapSilver/Sound/Rifle/Wavs/RifleA_Fire01.uasset" 261
"../../../../../_UE/MPShooter/Content/MilitaryWeapSilver/Sound/Attenuation/WeaponShot_att.uasset" 262
"../../../../../_UE/MPShooter/Content/MilitaryWeapSilver/Sound/Rifle/Cues/RifleA_Fire_Cue.uasset" 263
"../../../../../_UE/MPShooter/Content/MilitaryWeapSilver/FX/Textures/T_AssaultRifle_MuzzleFlashes_01.uasset" 264
"../../../../../_UE/MPShooter/Content/MilitaryWeapSilver/FX/Materials/M_AssaultRifle_MuzzleFlash_4x1.uasset" 265
"../../../Engine/Content/Functions/Engine_MaterialFunctions02/Fresnel_Function.uasset" 266
"../../../Engine/Content/Functions/Engine_MaterialFunctions02/Fresnel.uasset" 267
"../../../../../_UE/MPShooter/Content/MilitaryWeapSilver/FX/Materials/M_GlowSphere_01.uasset" 268
"../../../../../_UE/MPShooter/Content/MilitaryWeapSilver/FX/Textures/T_FL_Detail_01.uasset" 269
"../../../../../_UE/MPShooter/Content/MilitaryWeapSilver/FX/Textures/T_Pistol_Smoke_2x2_A.uasset" 270
"../../../../../_UE/MPShooter/Content/MilitaryWeapSilver/FX/Materials/M_Pistol_Smoke_2x2_A.uasset" 271
"../../../../../_UE/MPShooter/Content/MilitaryWeapSilver/FX/Textures/T_Smoke_8x8_B_01.uasset" 272
"../../../../../_UE/MPShooter/Content/MilitaryWeapSilver/FX/Textures/T_Spherical_NormalMap_01.uasset" 273
"../../../../../_UE/MPShooter/Content/MilitaryWeapSilver/FX/Materials/M_Smoke_8x8_B_01.uasset" 274
"../../../../../_UE/MPShooter/Content/MilitaryWeapSilver/FX/Meshes/St_Sphere_01.uasset" 275
"../../../../../_UE/MPShooter/Content/MilitaryWeapSilver/FX/P_AssaultRifle_MuzzleFlash.uasset" 276
"../../../../../_UE/MPShooter/Content/MilitaryWeapSilver/Weapons/Animations/Fire_Rifle_W.uasset" 277
"../../../../../_UE/MPShooter/Content/MilitaryWeapSilver/FX/Textures/T_Ember_01.uasset" 278
"../../../../../_UE/MPShooter/Content/MilitaryWeapSilver/FX/Materials/M_Ember_Speed_01.uasset" 279
"../../../../../_UE/MPShooter/Content/MilitaryWeapSilver/FX/Textures/T_SparkImpacts_2x2_01.uasset" 280
"../../../../../_UE/MPShooter/Content/MilitaryWeapSilver/FX/Materials/M_SparksImpact_2x2_01.uasset" 281
"../../../../../_UE/MPShooter/Content/MilitaryWeapSilver/FX/Textures/T_Sparks_02.uasset" 282
"../../../../../_UE/MPShooter/Content/MilitaryWeapSilver/FX/Textures/T_Pistol_Streaks_01.uasset" 283
"../../../../../_UE/MPShooter/Content/MilitaryWeapSilver/FX/Materials/M_Pistol_Streaks_01.uasset" 284
"../../../../../_UE/MPShooter/Content/MilitaryWeapSilver/FX/Materials/M_Sparks_02.uasset" 285
"../../../../../_UE/MPShooter/Content/MilitaryWeapSilver/FX/P_Impact_Metal_Medium_01.uasset" 286
"../../../../../_UE/MPShooter/Content/Blueprints/Weapon/BP_Weapon.uasset" 287
"../../../../../_UE/MPShooter/Content/Blueprints/HUD/WBP_crosshair.uasset" 288
"../../../../../_UE/MPShooter/Content/Blueprints/HUD/WBP_OverheadWidget.uasset" 289
"../../../../../_UE/MPShooter/Content/Blueprints/Character/BP_BaseCharacter.uasset" 290
"../../../../../_UE/MPShooter/Content/Blueprints/BP_MPShooterGameMode.uasset" 291
"../../../Engine/Content/EngineSky/SM_SkySphere.uasset" 292
"../../../Engine/Content/EngineSky/C_Sky_Zenith_Color.uasset" 293
"../../../Engine/Content/EngineSky/C_Sky_Horizon_Color.uasset" 294
"../../../Engine/Content/EngineSky/C_Sky_Cloud_Color.uasset" 295
"../../../Engine/Content/EngineSky/BP_Sky_Sphere.uasset" 296
"../../../../../_UE/MPShooter/Content/Maps/Lobby.umap" 297
"../../../../../_UE/MPShooter/Plugins/MultiplayerSessions/Content/WBP_Menu.uasset" 298
"../../../../../_UE/MPShooter/Content/Maps/Menu_BuiltData.uasset" 299
"../../../../../_UE/MPShooter/Content/Maps/Menu.umap" 300
"../../../Engine/Content/Maps/Entry_BuiltData.uasset" 301
"../../../Engine/Content/Maps/Entry.umap" 302
